[debug] [2023-03-04T00:14:56.093Z] ----------------------------------------------------------------------
[debug] [2023-03-04T00:14:56.095Z] Command:       C:\Program Files\nodejs\node.exe C:\Users\PC\AppData\Roaming\npm\node_modules\firebase-tools\lib\bin\firebase.js init
[debug] [2023-03-04T00:14:56.096Z] CLI Version:   11.24.0
[debug] [2023-03-04T00:14:56.096Z] Platform:      win32
[debug] [2023-03-04T00:14:56.096Z] Node Version:  v16.14.0
[debug] [2023-03-04T00:14:56.096Z] Time:          Sat Mar 04 2023 01:14:56 GMT+0100 (Central European Standard Time)
[debug] [2023-03-04T00:14:56.097Z] ----------------------------------------------------------------------
[debug] 
[debug] [2023-03-04T00:14:56.105Z] > command requires scopes: ["email","openid","https://www.googleapis.com/auth/cloudplatformprojects.readonly","https://www.googleapis.com/auth/firebase","https://www.googleapis.com/auth/cloud-platform"]
[debug] [2023-03-04T00:14:56.105Z] > authorizing via signed-in user (tringadesku@gmail.com)
[info] 
     ######## #### ########  ######## ########     ###     ######  ########
     ##        ##  ##     ## ##       ##     ##  ##   ##  ##       ##
     ######    ##  ########  ######   ########  #########  ######  ######
     ##        ##  ##    ##  ##       ##     ## ##     ##       ## ##
     ##       #### ##     ## ######## ########  ##     ##  ######  ########

You're about to initialize a Firebase project in this directory:

  C:\Users\PC\Desktop\jobmatch-mevn\VUE-MEVN-CRUD

[info] 
=== Project Setup
[info] 
[info] First, let's associate this project directory with a Firebase project.
[info] You can create multiple project aliases by running firebase use --add, 
[info] but for now we'll just set up a default project.
[info] 
[debug] [2023-03-04T00:18:07.122Z] >>> [apiv2][query] GET https://firebase.googleapis.com/v1beta1/projects pageSize=100
[debug] [2023-03-04T00:18:07.973Z] <<< [apiv2][status] GET https://firebase.googleapis.com/v1beta1/projects 200
[debug] [2023-03-04T00:18:07.974Z] <<< [apiv2][body] GET https://firebase.googleapis.com/v1beta1/projects [omitted]
[info] i  Using project job-match-152d4 (job-match) 
[info] 
=== Functions Setup
[debug] [2023-03-04T00:18:12.074Z] > command requires scopes: ["email","openid","https://www.googleapis.com/auth/cloudplatformprojects.readonly","https://www.googleapis.com/auth/firebase","https://www.googleapis.com/auth/cloud-platform"]
[debug] [2023-03-04T00:18:12.075Z] > authorizing via signed-in user (tringadesku@gmail.com)
[debug] [2023-03-04T00:18:12.075Z] [iam] checking project job-match-152d4 for permissions ["firebase.projects.get"]
[debug] [2023-03-04T00:18:12.076Z] >>> [apiv2][query] POST https://cloudresourcemanager.googleapis.com/v1/projects/job-match-152d4:testIamPermissions [none]
[debug] [2023-03-04T00:18:12.077Z] >>> [apiv2][(partial)header] POST https://cloudresourcemanager.googleapis.com/v1/projects/job-match-152d4:testIamPermissions x-goog-quota-user=projects/job-match-152d4
[debug] [2023-03-04T00:18:12.077Z] >>> [apiv2][body] POST https://cloudresourcemanager.googleapis.com/v1/projects/job-match-152d4:testIamPermissions {"permissions":["firebase.projects.get"]}
[debug] [2023-03-04T00:18:13.457Z] <<< [apiv2][status] POST https://cloudresourcemanager.googleapis.com/v1/projects/job-match-152d4:testIamPermissions 200
[debug] [2023-03-04T00:18:13.458Z] <<< [apiv2][body] POST https://cloudresourcemanager.googleapis.com/v1/projects/job-match-152d4:testIamPermissions {"permissions":["firebase.projects.get"]}
[debug] [2023-03-04T00:18:13.459Z] >>> [apiv2][query] GET https://serviceusage.googleapis.com/v1/projects/job-match-152d4/services/cloudfunctions.googleapis.com [none]
[debug] [2023-03-04T00:18:13.459Z] >>> [apiv2][(partial)header] GET https://serviceusage.googleapis.com/v1/projects/job-match-152d4/services/cloudfunctions.googleapis.com x-goog-quota-user=projects/job-match-152d4
[debug] [2023-03-04T00:18:13.461Z] >>> [apiv2][query] GET https://serviceusage.googleapis.com/v1/projects/job-match-152d4/services/runtimeconfig.googleapis.com [none]
[debug] [2023-03-04T00:18:13.461Z] >>> [apiv2][(partial)header] GET https://serviceusage.googleapis.com/v1/projects/job-match-152d4/services/runtimeconfig.googleapis.com x-goog-quota-user=projects/job-match-152d4
[debug] [2023-03-04T00:18:14.651Z] <<< [apiv2][status] GET https://serviceusage.googleapis.com/v1/projects/job-match-152d4/services/cloudfunctions.googleapis.com 200
[debug] [2023-03-04T00:18:14.652Z] <<< [apiv2][body] GET https://serviceusage.googleapis.com/v1/projects/job-match-152d4/services/cloudfunctions.googleapis.com [omitted]
[debug] [2023-03-04T00:18:14.652Z] >>> [apiv2][query] POST https://serviceusage.googleapis.com/v1/projects/job-match-152d4/services/cloudfunctions.googleapis.com:enable [none]
[debug] [2023-03-04T00:18:14.653Z] >>> [apiv2][(partial)header] POST https://serviceusage.googleapis.com/v1/projects/job-match-152d4/services/cloudfunctions.googleapis.com:enable x-goog-quota-user=projects/job-match-152d4
[debug] [2023-03-04T00:18:14.660Z] <<< [apiv2][status] GET https://serviceusage.googleapis.com/v1/projects/job-match-152d4/services/runtimeconfig.googleapis.com 200
[debug] [2023-03-04T00:18:14.660Z] <<< [apiv2][body] GET https://serviceusage.googleapis.com/v1/projects/job-match-152d4/services/runtimeconfig.googleapis.com [omitted]
[debug] [2023-03-04T00:18:16.464Z] <<< [apiv2][status] POST https://serviceusage.googleapis.com/v1/projects/job-match-152d4/services/cloudfunctions.googleapis.com:enable 200
[debug] [2023-03-04T00:18:16.464Z] <<< [apiv2][body] POST https://serviceusage.googleapis.com/v1/projects/job-match-152d4/services/cloudfunctions.googleapis.com:enable [omitted]
[debug] [2023-03-04T00:18:26.477Z] >>> [apiv2][query] GET https://serviceusage.googleapis.com/v1/projects/job-match-152d4/services/cloudfunctions.googleapis.com [none]
[debug] [2023-03-04T00:18:26.477Z] >>> [apiv2][(partial)header] GET https://serviceusage.googleapis.com/v1/projects/job-match-152d4/services/cloudfunctions.googleapis.com x-goog-quota-user=projects/job-match-152d4
[debug] [2023-03-04T00:18:28.038Z] <<< [apiv2][status] GET https://serviceusage.googleapis.com/v1/projects/job-match-152d4/services/cloudfunctions.googleapis.com 200
[debug] [2023-03-04T00:18:28.038Z] <<< [apiv2][body] GET https://serviceusage.googleapis.com/v1/projects/job-match-152d4/services/cloudfunctions.googleapis.com [omitted]
[info] Let's create a new codebase for your functions.
[info] A directory corresponding to the codebase will be created in your project
[info] with sample code pre-configured.

[info] See https://firebase.google.com/docs/functions/organize-functions for
[info] more information on organizing your functions using codebases.

[info] Functions can be deployed with firebase deploy.

[debug] [2023-03-04T00:19:33.891Z] ----------------------------------------------------------------------
[debug] [2023-03-04T00:19:33.895Z] Command:       C:\Program Files\nodejs\node.exe C:\Users\PC\AppData\Roaming\npm\node_modules\firebase-tools\lib\bin\firebase.js init
[debug] [2023-03-04T00:19:33.896Z] CLI Version:   11.24.0
[debug] [2023-03-04T00:19:33.896Z] Platform:      win32
[debug] [2023-03-04T00:19:33.897Z] Node Version:  v16.14.0
[debug] [2023-03-04T00:19:33.898Z] Time:          Sat Mar 04 2023 01:19:33 GMT+0100 (Central European Standard Time)
[debug] [2023-03-04T00:19:33.899Z] ----------------------------------------------------------------------
[debug] 
[debug] [2023-03-04T00:19:33.915Z] > command requires scopes: ["email","openid","https://www.googleapis.com/auth/cloudplatformprojects.readonly","https://www.googleapis.com/auth/firebase","https://www.googleapis.com/auth/cloud-platform"]
[debug] [2023-03-04T00:19:33.916Z] > authorizing via signed-in user (tringadesku@gmail.com)
[info] 
     ######## #### ########  ######## ########     ###     ######  ########
     ##        ##  ##     ## ##       ##     ##  ##   ##  ##       ##
     ######    ##  ########  ######   ########  #########  ######  ######
     ##        ##  ##    ##  ##       ##     ## ##     ##       ## ##
     ##       #### ##     ## ######## ########  ##     ##  ######  ########

You're about to initialize a Firebase project in this directory:

  C:\Users\PC\Desktop\jobmatch-mevn\VUE-MEVN-CRUD

[info] 
=== Project Setup
[info] 
[info] First, let's associate this project directory with a Firebase project.
[info] You can create multiple project aliases by running firebase use --add, 
[info] but for now we'll just set up a default project.
[info] 
[debug] [2023-03-04T00:19:47.094Z] >>> [apiv2][query] GET https://firebase.googleapis.com/v1beta1/projects pageSize=100
[debug] [2023-03-04T00:19:47.900Z] <<< [apiv2][status] GET https://firebase.googleapis.com/v1beta1/projects 200
[debug] [2023-03-04T00:19:47.901Z] <<< [apiv2][body] GET https://firebase.googleapis.com/v1beta1/projects [omitted]
[info] i  Using project job-match-152d4 (job-match) 
[info] 
=== Emulators Setup
